jsontocode/JsonToCodePlugin/app/build/intermediates/manifest_merge_blame_file/release/processReleaseMainManifest/manifest-merger-blame-release-report.txt
1<?xml version="1.0" encoding="utf-8"?>
2<manifest xmlns:android="http://schemas.android.com/apk/res/android"
3    package="com.jsoncode.ghostide"
4    android:versionCode="1"
5    android:versionName="1.0.0" >
6
7    <uses-sdk
8        android:minSdkVersion="26"
9        android:targetSdkVersion="36" />
10
11    <application
11-->src/main/AndroidManifest.xml:4:5-52
12        android:extractNativeLibs="false"
13        android:label="Perl LSP Plugin" />
13-->src/main/AndroidManifest.xml:4:18-49
14
15</manifest>